<?xml version="1.0" encoding="UTF-8"?>
<coverage generated="1781792376655" clover="3.2.0">
  <project timestamp="1781792376655" name="All files">
    <metrics statements="165" coveredstatements="157" conditionals="52" coveredconditionals="41" methods="42" coveredmethods="36" elements="259" coveredelements="234" complexity="0" loc="165" ncloc="165" packages="7" files="12" classes="12"/>
    <package name="core.audit">
      <metrics statements="18" coveredstatements="18" conditionals="6" coveredconditionals="5" methods="5" coveredmethods="5"/>
      <file name="audit.interceptor.ts" path="C:\POS -PUC-DAMIÃO-QE-2026\CiCd - Pipelines e Testes Automatizados\AULA 3\apps\backend\src\core\audit\audit.interceptor.ts">
        <metrics statements="13" coveredstatements="13" conditionals="4" coveredconditionals="3" methods="3" coveredmethods="3"/>
        <line num="1" count="1" type="stmt"/>
        <line num="3" count="1" type="stmt"/>
        <line num="4" count="1" type="stmt"/>
        <line num="7" count="1" type="stmt"/>
        <line num="8" count="2" type="stmt"/>
        <line num="11" count="2" type="stmt"/>
        <line num="12" count="2" type="stmt"/>
        <line num="14" count="2" type="stmt"/>
        <line num="16" count="2" type="cond" truecount="2" falsecount="0"/>
        <line num="18" count="1" type="stmt"/>
        <line num="20" count="1" type="stmt"/>
        <line num="21" count="1" type="cond" truecount="1" falsecount="1"/>
        <line num="22" count="1" type="stmt"/>
      </file>
      <file name="audit.service.ts" path="C:\POS -PUC-DAMIÃO-QE-2026\CiCd - Pipelines e Testes Automatizados\AULA 3\apps\backend\src\core\audit\audit.service.ts">
        <metrics statements="5" coveredstatements="5" conditionals="2" coveredconditionals="2" methods="2" coveredmethods="2"/>
        <line num="1" count="7" type="stmt"/>
        <line num="2" count="7" type="stmt"/>
        <line num="5" count="7" type="stmt"/>
        <line num="6" count="2" type="stmt"/>
        <line num="9" count="2" type="stmt"/>
      </file>
    </package>
    <package name="core.auth">
      <metrics statements="31" coveredstatements="31" conditionals="10" coveredconditionals="9" methods="4" coveredmethods="4"/>
      <file name="clerk.guard.ts" path="C:\POS -PUC-DAMIÃO-QE-2026\CiCd - Pipelines e Testes Automatizados\AULA 3\apps\backend\src\core\auth\clerk.guard.ts">
        <metrics statements="28" coveredstatements="28" conditionals="10" coveredconditionals="9" methods="3" coveredmethods="3"/>
        <line num="1" count="1" type="stmt"/>
        <line num="2" count="1" type="stmt"/>
        <line num="3" count="1" type="stmt"/>
        <line num="4" count="1" type="stmt"/>
        <line num="6" count="1" type="stmt"/>
        <line num="9" count="1" type="stmt"/>
        <line num="10" count="5" type="stmt"/>
        <line num="12" count="5" type="stmt"/>
        <line num="15" count="5" type="stmt"/>
        <line num="20" count="5" type="cond" truecount="2" falsecount="0"/>
        <line num="21" count="1" type="stmt"/>
        <line num="24" count="4" type="stmt"/>
        <line num="25" count="4" type="stmt"/>
        <line num="27" count="4" type="cond" truecount="2" falsecount="0"/>
        <line num="28" count="1" type="stmt"/>
        <line num="31" count="3" type="stmt"/>
        <line num="32" count="3" type="stmt"/>
        <line num="34" count="3" type="cond" truecount="2" falsecount="0"/>
        <line num="35" count="1" type="stmt"/>
        <line num="38" count="2" type="stmt"/>
        <line num="40" count="2" type="cond" truecount="1" falsecount="1"/>
        <line num="41" count="2" type="cond" truecount="2" falsecount="0"/>
        <line num="42" count="1" type="stmt"/>
        <line num="45" count="1" type="stmt"/>
        <line num="49" count="3" type="stmt"/>
        <line num="50" count="3" type="stmt"/>
        <line num="53" count="2" type="stmt"/>
        <line num="55" count="1" type="stmt"/>
      </file>
      <file name="roles.decorator.ts" path="C:\POS -PUC-DAMIÃO-QE-2026\CiCd - Pipelines e Testes Automatizados\AULA 3\apps\backend\src\core\auth\roles.decorator.ts">
        <metrics statements="3" coveredstatements="3" conditionals="0" coveredconditionals="0" methods="1" coveredmethods="1"/>
        <line num="1" count="4" type="stmt"/>
        <line num="3" count="4" type="stmt"/>
        <line num="4" count="7" type="stmt"/>
      </file>
    </package>
    <package name="core.database">
      <metrics statements="8" coveredstatements="4" conditionals="0" coveredconditionals="0" methods="3" coveredmethods="0"/>
      <file name="prisma.service.ts" path="C:\POS -PUC-DAMIÃO-QE-2026\CiCd - Pipelines e Testes Automatizados\AULA 3\apps\backend\src\core\database\prisma.service.ts">
        <metrics statements="8" coveredstatements="4" conditionals="0" coveredconditionals="0" methods="3" coveredmethods="0"/>
        <line num="1" count="9" type="stmt"/>
        <line num="2" count="9" type="stmt"/>
        <line num="3" count="9" type="stmt"/>
        <line num="6" count="9" type="stmt"/>
        <line num="8" count="0" type="stmt"/>
        <line num="9" count="0" type="stmt"/>
        <line num="13" count="0" type="stmt"/>
        <line num="17" count="0" type="stmt"/>
      </file>
    </package>
    <package name="core.filters">
      <metrics statements="16" coveredstatements="16" conditionals="8" coveredconditionals="5" methods="2" coveredmethods="2"/>
      <file name="problem-details.filter.ts" path="C:\POS -PUC-DAMIÃO-QE-2026\CiCd - Pipelines e Testes Automatizados\AULA 3\apps\backend\src\core\filters\problem-details.filter.ts">
        <metrics statements="16" coveredstatements="16" conditionals="8" coveredconditionals="5" methods="2" coveredmethods="2"/>
        <line num="1" count="1" type="stmt"/>
        <line num="5" count="1" type="stmt"/>
        <line num="7" count="3" type="stmt"/>
        <line num="8" count="3" type="stmt"/>
        <line num="9" count="3" type="stmt"/>
        <line num="11" count="3" type="stmt"/>
        <line num="12" count="3" type="stmt"/>
        <line num="13" count="3" type="stmt"/>
        <line num="15" count="3" type="cond" truecount="2" falsecount="0"/>
        <line num="16" count="2" type="stmt"/>
        <line num="17" count="2" type="stmt"/>
        <line num="18" count="2" type="stmt"/>
        <line num="19" count="2" type="cond" truecount="2" falsecount="2"/>
        <line num="22" count="3" type="stmt"/>
        <line num="33" count="2" type="stmt"/>
        <line num="42" count="2" type="cond" truecount="1" falsecount="1"/>
      </file>
    </package>
    <package name="modules.dashboard">
      <metrics statements="23" coveredstatements="23" conditionals="8" coveredconditionals="5" methods="8" coveredmethods="8"/>
      <file name="dashboard.controller.ts" path="C:\POS -PUC-DAMIÃO-QE-2026\CiCd - Pipelines e Testes Automatizados\AULA 3\apps\backend\src\modules\dashboard\dashboard.controller.ts">
        <metrics statements="7" coveredstatements="7" conditionals="0" coveredconditionals="0" methods="2" coveredmethods="2"/>
        <line num="1" count="1" type="stmt"/>
        <line num="2" count="1" type="stmt"/>
        <line num="3" count="1" type="stmt"/>
        <line num="6" count="1" type="stmt"/>
        <line num="7" count="1" type="stmt"/>
        <line num="11" count="1" type="stmt"/>
        <line num="12" count="1" type="stmt"/>
      </file>
      <file name="dashboard.service.ts" path="C:\POS -PUC-DAMIÃO-QE-2026\CiCd - Pipelines e Testes Automatizados\AULA 3\apps\backend\src\modules\dashboard\dashboard.service.ts">
        <metrics statements="16" coveredstatements="16" conditionals="8" coveredconditionals="5" methods="6" coveredmethods="6"/>
        <line num="1" count="2" type="stmt"/>
        <line num="2" count="2" type="stmt"/>
        <line num="5" count="2" type="stmt"/>
        <line num="6" count="2" type="stmt"/>
        <line num="9" count="2" type="stmt"/>
        <line num="10" count="2" type="stmt"/>
        <line num="11" count="2" type="stmt"/>
        <line num="12" count="2" type="stmt"/>
        <line num="13" count="2" type="stmt"/>
        <line num="15" count="2" type="stmt"/>
        <line num="30" count="2" type="stmt"/>
        <line num="32" count="1" type="stmt"/>
        <line num="33" count="1" type="cond" truecount="2" falsecount="2"/>
        <line num="37" count="2" type="stmt"/>
        <line num="39" count="1" type="cond" truecount="2" falsecount="0"/>
        <line num="40" count="2" type="cond" truecount="1" falsecount="1"/>
      </file>
    </package>
    <package name="modules.orders">
      <metrics statements="50" coveredstatements="46" conditionals="18" coveredconditionals="15" methods="16" coveredmethods="13"/>
      <file name="orders.controller.ts" path="C:\POS -PUC-DAMIÃO-QE-2026\CiCd - Pipelines e Testes Automatizados\AULA 3\apps\backend\src\modules\orders\orders.controller.ts">
        <metrics statements="16" coveredstatements="16" conditionals="2" coveredconditionals="1" methods="6" coveredmethods="6"/>
        <line num="1" count="1" type="stmt"/>
        <line num="2" count="1" type="stmt"/>
        <line num="3" count="1" type="stmt"/>
        <line num="6" count="1" type="stmt"/>
        <line num="7" count="5" type="stmt"/>
        <line num="11" count="1" type="stmt"/>
        <line num="12" count="1" type="stmt"/>
        <line num="17" count="1" type="stmt"/>
        <line num="18" count="1" type="stmt"/>
        <line num="19" count="1" type="cond" truecount="1" falsecount="1"/>
        <line num="24" count="1" type="stmt"/>
        <line num="25" count="1" type="stmt"/>
        <line num="30" count="1" type="stmt"/>
        <line num="31" count="1" type="stmt"/>
        <line num="36" count="1" type="stmt"/>
        <line num="37" count="1" type="stmt"/>
      </file>
      <file name="orders.service.ts" path="C:\POS -PUC-DAMIÃO-QE-2026\CiCd - Pipelines e Testes Automatizados\AULA 3\apps\backend\src\modules\orders\orders.service.ts">
        <metrics statements="34" coveredstatements="30" conditionals="16" coveredconditionals="14" methods="10" coveredmethods="7"/>
        <line num="1" count="3" type="stmt"/>
        <line num="2" count="3" type="stmt"/>
        <line num="3" count="3" type="stmt"/>
        <line num="6" count="3" type="stmt"/>
        <line num="16" count="3" type="stmt"/>
        <line num="18" count="10" type="stmt"/>
        <line num="19" count="10" type="stmt"/>
        <line num="23" count="5" type="stmt"/>
        <line num="24" count="5" type="stmt"/>
        <line num="27" count="5" type="stmt"/>
        <line num="28" count="5" type="stmt"/>
        <line num="29" count="5" type="cond" truecount="2" falsecount="0"/>
        <line num="30" count="4" type="cond" truecount="2" falsecount="0"/>
        <line num="31" count="2" type="stmt"/>
        <line num="35" count="2" type="stmt"/>
        <line num="37" count="2" type="stmt"/>
        <line num="43" count="2" type="stmt"/>
        <line num="46" count="2" type="stmt"/>
        <line num="53" count="2" type="stmt"/>
        <line num="60" count="2" type="stmt"/>
        <line num="64" count="0" type="cond" truecount="0" falsecount="2"/>
        <line num="65" count="0" type="stmt"/>
        <line num="73" count="0" type="stmt"/>
        <line num="80" count="4" type="stmt"/>
        <line num="81" count="4" type="cond" truecount="2" falsecount="0"/>
        <line num="83" count="3" type="stmt"/>
        <line num="84" count="3" type="cond" truecount="4" falsecount="0"/>
        <line num="85" count="2" type="cond" truecount="4" falsecount="0"/>
        <line num="86" count="1" type="stmt"/>
        <line num="88" count="1" type="stmt"/>
        <line num="91" count="1" type="stmt"/>
        <line num="96" count="1" type="stmt"/>
        <line num="104" count="1" type="stmt"/>
        <line num="108" count="0" type="stmt"/>
      </file>
    </package>
    <package name="modules.payments">
      <metrics statements="19" coveredstatements="19" conditionals="2" coveredconditionals="2" methods="4" coveredmethods="4"/>
      <file name="payments.controller.ts" path="C:\POS -PUC-DAMIÃO-QE-2026\CiCd - Pipelines e Testes Automatizados\AULA 3\apps\backend\src\modules\payments\payments.controller.ts">
        <metrics statements="7" coveredstatements="7" conditionals="0" coveredconditionals="0" methods="2" coveredmethods="2"/>
        <line num="1" count="1" type="stmt"/>
        <line num="2" count="1" type="stmt"/>
        <line num="3" count="1" type="stmt"/>
        <line num="6" count="1" type="stmt"/>
        <line num="7" count="1" type="stmt"/>
        <line num="11" count="1" type="stmt"/>
        <line num="12" count="1" type="stmt"/>
      </file>
      <file name="payments.service.ts" path="C:\POS -PUC-DAMIÃO-QE-2026\CiCd - Pipelines e Testes Automatizados\AULA 3\apps\backend\src\modules\payments\payments.service.ts">
        <metrics statements="12" coveredstatements="12" conditionals="2" coveredconditionals="2" methods="2" coveredmethods="2"/>
        <line num="1" count="3" type="stmt"/>
        <line num="2" count="3" type="stmt"/>
        <line num="3" count="3" type="stmt"/>
        <line num="7" count="3" type="stmt"/>
        <line num="9" count="5" type="stmt"/>
        <line num="10" count="5" type="stmt"/>
        <line num="14" count="4" type="stmt"/>
        <line num="15" count="4" type="cond" truecount="2" falsecount="0"/>
        <line num="17" count="2" type="stmt"/>
        <line num="27" count="2" type="stmt"/>
        <line num="32" count="2" type="stmt"/>
        <line num="40" count="2" type="stmt"/>
      </file>
    </package>
  </project>
</coverage>
