{"C:\\POS -PUC-DAMIÃO-QE-2026\\CiCd - Pipelines e Testes Automatizados\\AULA 3\\apps\\backend\\src\\core\\audit\\audit.interceptor.ts": {"path":"C:\\POS -PUC-DAMIÃO-QE-2026\\CiCd - Pipelines e Testes Automatizados\\AULA 3\\apps\\backend\\src\\core\\audit\\audit.interceptor.ts","statementMap":{"0":{"start":{"line":1,"column":0},"end":{"line":1,"column":92}},"1":{"start":{"line":3,"column":0},"end":{"line":3,"column":37}},"2":{"start":{"line":4,"column":0},"end":{"line":4,"column":47}},"3":{"start":{"line":7,"column":7},"end":{"line":32,"column":null}},"4":{"start":{"line":8,"column":22},"end":{"line":8,"column":29}},"5":{"start":{"line":11,"column":20},"end":{"line":11,"column":55}},"6":{"start":{"line":12,"column":29},"end":{"line":12,"column":36}},"7":{"start":{"line":14,"column":18},"end":{"line":14,"column":69}},"8":{"start":{"line":16,"column":4},"end":{"line":16,"column":37}},"9":{"start":{"line":16,"column":16},"end":{"line":16,"column":37}},"10":{"start":{"line":18,"column":4},"end":{"line":30,"column":6}},"11":{"start":{"line":20,"column":23},"end":{"line":20,"column":40}},"12":{"start":{"line":21,"column":25},"end":{"line":21,"column":54}},"13":{"start":{"line":22,"column":8},"end":{"line":28,"column":11}},"14":{"start":{"line":7,"column":13},"end":{"line":7,"column":29}},"15":{"start":{"line":7,"column":13},"end":{"line":32,"column":null}}},"fnMap":{"0":{"name":"(anonymous_2)","decl":{"start":{"line":8,"column":2},"end":{"line":8,"column":22}},"loc":{"start":{"line":8,"column":41},"end":{"line":8,"column":45}}},"1":{"name":"(anonymous_3)","decl":{"start":{"line":10,"column":2},"end":{"line":10,"column":11}},"loc":{"start":{"line":10,"column":56},"end":{"line":31,"column":3}}},"2":{"name":"(anonymous_4)","decl":{"start":{"line":19,"column":10},"end":{"line":19,"column":11}},"loc":{"start":{"line":19,"column":27},"end":{"line":29,"column":7}}}},"branchMap":{"0":{"loc":{"start":{"line":16,"column":4},"end":{"line":16,"column":37}},"type":"if","locations":[{"start":{"line":16,"column":4},"end":{"line":16,"column":37}},{"start":{},"end":{}}]},"1":{"loc":{"start":{"line":21,"column":25},"end":{"line":21,"column":54}},"type":"binary-expr","locations":[{"start":{"line":21,"column":25},"end":{"line":21,"column":46}},{"start":{"line":21,"column":50},"end":{"line":21,"column":54}}]}},"s":{"0":1,"1":1,"2":1,"3":1,"4":2,"5":2,"6":2,"7":2,"8":2,"9":1,"10":1,"11":1,"12":1,"13":1,"14":1,"15":1},"f":{"0":2,"1":2,"2":1},"b":{"0":[1,1],"1":[1,0]}}
,"C:\\POS -PUC-DAMIÃO-QE-2026\\CiCd - Pipelines e Testes Automatizados\\AULA 3\\apps\\backend\\src\\core\\audit\\audit.service.ts": {"path":"C:\\POS -PUC-DAMIÃO-QE-2026\\CiCd - Pipelines e Testes Automatizados\\AULA 3\\apps\\backend\\src\\core\\audit\\audit.service.ts","statementMap":{"0":{"start":{"line":1,"column":0},"end":{"line":1,"column":44}},"1":{"start":{"line":2,"column":0},"end":{"line":2,"column":59}},"2":{"start":{"line":5,"column":7},"end":{"line":19,"column":null}},"3":{"start":{"line":6,"column":22},"end":{"line":6,"column":30}},"4":{"start":{"line":9,"column":4},"end":{"line":17,"column":7}},"5":{"start":{"line":5,"column":13},"end":{"line":5,"column":25}},"6":{"start":{"line":5,"column":13},"end":{"line":19,"column":null}}},"fnMap":{"0":{"name":"(anonymous_2)","decl":{"start":{"line":6,"column":2},"end":{"line":6,"column":22}},"loc":{"start":{"line":6,"column":43},"end":{"line":6,"column":47}}},"1":{"name":"(anonymous_3)","decl":{"start":{"line":8,"column":2},"end":{"line":8,"column":7}},"loc":{"start":{"line":8,"column":107},"end":{"line":18,"column":3}}}},"branchMap":{"0":{"loc":{"start":{"line":15,"column":17},"end":{"line":15,"column":44}},"type":"binary-expr","locations":[{"start":{"line":15,"column":17},"end":{"line":15,"column":31}},{"start":{"line":15,"column":35},"end":{"line":15,"column":44}}]}},"s":{"0":7,"1":7,"2":7,"3":2,"4":2,"5":7,"6":7},"f":{"0":2,"1":2},"b":{"0":[2,1]}}
,"C:\\POS -PUC-DAMIÃO-QE-2026\\CiCd - Pipelines e Testes Automatizados\\AULA 3\\apps\\backend\\src\\core\\auth\\clerk.guard.ts": {"path":"C:\\POS -PUC-DAMIÃO-QE-2026\\CiCd - Pipelines e Testes Automatizados\\AULA 3\\apps\\backend\\src\\core\\auth\\clerk.guard.ts","statementMap":{"0":{"start":{"line":1,"column":0},"end":{"line":1,"column":118}},"1":{"start":{"line":2,"column":0},"end":{"line":2,"column":41}},"2":{"start":{"line":3,"column":0},"end":{"line":3,"column":46}},"3":{"start":{"line":4,"column":0},"end":{"line":4,"column":53}},"4":{"start":{"line":6,"column":21},"end":{"line":6,"column":65}},"5":{"start":{"line":9,"column":7},"end":{"line":58,"column":null}},"6":{"start":{"line":10,"column":17},"end":{"line":10,"column":85}},"7":{"start":{"line":12,"column":22},"end":{"line":12,"column":33}},"8":{"start":{"line":15,"column":26},"end":{"line":18,"column":6}},"9":{"start":{"line":20,"column":4},"end":{"line":22,"column":5}},"10":{"start":{"line":21,"column":6},"end":{"line":21,"column":18}},"11":{"start":{"line":24,"column":20},"end":{"line":24,"column":55}},"12":{"start":{"line":25,"column":23},"end":{"line":25,"column":52}},"13":{"start":{"line":27,"column":4},"end":{"line":29,"column":5}},"14":{"start":{"line":28,"column":6},"end":{"line":28,"column":55}},"15":{"start":{"line":31,"column":18},"end":{"line":31,"column":51}},"16":{"start":{"line":32,"column":20},"end":{"line":32,"column":51}},"17":{"start":{"line":34,"column":4},"end":{"line":36,"column":5}},"18":{"start":{"line":35,"column":6},"end":{"line":35,"column":56}},"19":{"start":{"line":38,"column":4},"end":{"line":38,"column":27}},"20":{"start":{"line":40,"column":21},"end":{"line":40,"column":47}},"21":{"start":{"line":41,"column":4},"end":{"line":43,"column":5}},"22":{"start":{"line":42,"column":6},"end":{"line":42,"column":52}},"23":{"start":{"line":45,"column":4},"end":{"line":45,"column":16}},"24":{"start":{"line":49,"column":4},"end":{"line":56,"column":5}},"25":{"start":{"line":50,"column":26},"end":{"line":52,"column":8}},"26":{"start":{"line":53,"column":6},"end":{"line":53,"column":21}},"27":{"start":{"line":55,"column":6},"end":{"line":55,"column":18}},"28":{"start":{"line":9,"column":13},"end":{"line":9,"column":23}},"29":{"start":{"line":9,"column":13},"end":{"line":58,"column":null}}},"fnMap":{"0":{"name":"(anonymous_2)","decl":{"start":{"line":12,"column":2},"end":{"line":12,"column":22}},"loc":{"start":{"line":12,"column":42},"end":{"line":12,"column":46}}},"1":{"name":"(anonymous_3)","decl":{"start":{"line":14,"column":2},"end":{"line":14,"column":7}},"loc":{"start":{"line":14,"column":45},"end":{"line":46,"column":3}}},"2":{"name":"(anonymous_4)","decl":{"start":{"line":48,"column":10},"end":{"line":48,"column":15}},"loc":{"start":{"line":48,"column":43},"end":{"line":57,"column":3}}}},"branchMap":{"0":{"loc":{"start":{"line":20,"column":4},"end":{"line":22,"column":5}},"type":"if","locations":[{"start":{"line":20,"column":4},"end":{"line":22,"column":5}},{"start":{},"end":{}}]},"1":{"loc":{"start":{"line":27,"column":4},"end":{"line":29,"column":5}},"type":"if","locations":[{"start":{"line":27,"column":4},"end":{"line":29,"column":5}},{"start":{},"end":{}}]},"2":{"loc":{"start":{"line":34,"column":4},"end":{"line":36,"column":5}},"type":"if","locations":[{"start":{"line":34,"column":4},"end":{"line":36,"column":5}},{"start":{},"end":{}}]},"3":{"loc":{"start":{"line":40,"column":21},"end":{"line":40,"column":47}},"type":"binary-expr","locations":[{"start":{"line":40,"column":21},"end":{"line":40,"column":33}},{"start":{"line":40,"column":37},"end":{"line":40,"column":47}}]},"4":{"loc":{"start":{"line":41,"column":4},"end":{"line":43,"column":5}},"type":"if","locations":[{"start":{"line":41,"column":4},"end":{"line":43,"column":5}},{"start":{},"end":{}}]}},"s":{"0":1,"1":1,"2":1,"3":1,"4":1,"5":1,"6":5,"7":5,"8":5,"9":5,"10":1,"11":4,"12":4,"13":4,"14":1,"15":3,"16":3,"17":3,"18":1,"19":2,"20":2,"21":2,"22":1,"23":1,"24":3,"25":3,"26":2,"27":1,"28":1,"29":1},"f":{"0":5,"1":5,"2":3},"b":{"0":[1,4],"1":[1,3],"2":[1,2],"3":[2,0],"4":[1,1]}}
,"C:\\POS -PUC-DAMIÃO-QE-2026\\CiCd - Pipelines e Testes Automatizados\\AULA 3\\apps\\backend\\src\\core\\auth\\roles.decorator.ts": {"path":"C:\\POS -PUC-DAMIÃO-QE-2026\\CiCd - Pipelines e Testes Automatizados\\AULA 3\\apps\\backend\\src\\core\\auth\\roles.decorator.ts","statementMap":{"0":{"start":{"line":1,"column":0},"end":{"line":1,"column":45}},"1":{"start":{"line":3,"column":13},"end":{"line":3,"column":33}},"2":{"start":{"line":4,"column":21},"end":{"line":4,"column":74}},"3":{"start":{"line":4,"column":45},"end":{"line":4,"column":74}},"4":{"start":{"line":4,"column":13},"end":{"line":4,"column":21}}},"fnMap":{"0":{"name":"(anonymous_0)","decl":{"start":{"line":4,"column":21},"end":{"line":4,"column":22}},"loc":{"start":{"line":4,"column":45},"end":{"line":4,"column":74}}}},"branchMap":{},"s":{"0":4,"1":4,"2":4,"3":7,"4":4},"f":{"0":7},"b":{}}
,"C:\\POS -PUC-DAMIÃO-QE-2026\\CiCd - Pipelines e Testes Automatizados\\AULA 3\\apps\\backend\\src\\core\\database\\prisma.service.ts": {"path":"C:\\POS -PUC-DAMIÃO-QE-2026\\CiCd - Pipelines e Testes Automatizados\\AULA 3\\apps\\backend\\src\\core\\database\\prisma.service.ts","statementMap":{"0":{"start":{"line":1,"column":0},"end":{"line":1,"column":75}},"1":{"start":{"line":2,"column":0},"end":{"line":2,"column":46}},"2":{"start":{"line":3,"column":0},"end":{"line":3,"column":46}},"3":{"start":{"line":6,"column":7},"end":{"line":19,"column":null}},"4":{"start":{"line":8,"column":20},"end":{"line":8,"column":81}},"5":{"start":{"line":9,"column":4},"end":{"line":9,"column":23}},"6":{"start":{"line":13,"column":4},"end":{"line":13,"column":26}},"7":{"start":{"line":17,"column":4},"end":{"line":17,"column":29}},"8":{"start":{"line":6,"column":13},"end":{"line":6,"column":26}},"9":{"start":{"line":6,"column":13},"end":{"line":19,"column":null}}},"fnMap":{"0":{"name":"(anonymous_2)","decl":{"start":{"line":7,"column":2},"end":{"line":7,"column":null}},"loc":{"start":{"line":7,"column":2},"end":{"line":10,"column":3}}},"1":{"name":"(anonymous_3)","decl":{"start":{"line":12,"column":2},"end":{"line":12,"column":7}},"loc":{"start":{"line":12,"column":20},"end":{"line":14,"column":3}}},"2":{"name":"(anonymous_4)","decl":{"start":{"line":16,"column":2},"end":{"line":16,"column":7}},"loc":{"start":{"line":16,"column":23},"end":{"line":18,"column":3}}}},"branchMap":{},"s":{"0":9,"1":9,"2":9,"3":9,"4":0,"5":0,"6":0,"7":0,"8":9,"9":9},"f":{"0":0,"1":0,"2":0},"b":{}}
,"C:\\POS -PUC-DAMIÃO-QE-2026\\CiCd - Pipelines e Testes Automatizados\\AULA 3\\apps\\backend\\src\\core\\filters\\problem-details.filter.ts": {"path":"C:\\POS -PUC-DAMIÃO-QE-2026\\CiCd - Pipelines e Testes Automatizados\\AULA 3\\apps\\backend\\src\\core\\filters\\problem-details.filter.ts","statementMap":{"0":{"start":{"line":1,"column":0},"end":{"line":1,"column":98}},"1":{"start":{"line":5,"column":7},"end":{"line":44,"column":null}},"2":{"start":{"line":7,"column":16},"end":{"line":7,"column":35}},"3":{"start":{"line":8,"column":21},"end":{"line":8,"column":48}},"4":{"start":{"line":9,"column":20},"end":{"line":9,"column":36}},"5":{"start":{"line":11,"column":17},"end":{"line":11,"column":49}},"6":{"start":{"line":12,"column":16},"end":{"line":12,"column":42}},"7":{"start":{"line":13,"column":17},"end":{"line":13,"column":45}},"8":{"start":{"line":15,"column":4},"end":{"line":20,"column":5}},"9":{"start":{"line":16,"column":6},"end":{"line":16,"column":37}},"10":{"start":{"line":17,"column":18},"end":{"line":17,"column":41}},"11":{"start":{"line":18,"column":6},"end":{"line":18,"column":45}},"12":{"start":{"line":19,"column":6},"end":{"line":19,"column":77}},"13":{"start":{"line":22,"column":4},"end":{"line":29,"column":7}},"14":{"start":{"line":33,"column":40},"end":{"line":41,"column":6}},"15":{"start":{"line":42,"column":4},"end":{"line":42,"column":46}},"16":{"start":{"line":5,"column":13},"end":{"line":5,"column":33}},"17":{"start":{"line":5,"column":13},"end":{"line":44,"column":null}}},"fnMap":{"0":{"name":"(anonymous_1)","decl":{"start":{"line":6,"column":2},"end":{"line":6,"column":7}},"loc":{"start":{"line":6,"column":47},"end":{"line":30,"column":3}}},"1":{"name":"(anonymous_2)","decl":{"start":{"line":32,"column":10},"end":{"line":32,"column":27}},"loc":{"start":{"line":32,"column":42},"end":{"line":43,"column":3}}}},"branchMap":{"0":{"loc":{"start":{"line":15,"column":4},"end":{"line":20,"column":5}},"type":"if","locations":[{"start":{"line":15,"column":4},"end":{"line":20,"column":5}},{"start":{},"end":{}}]},"1":{"loc":{"start":{"line":19,"column":15},"end":{"line":19,"column":76}},"type":"cond-expr","locations":[{"start":{"line":19,"column":41},"end":{"line":19,"column":44}},{"start":{"line":19,"column":48},"end":{"line":19,"column":76}}]},"2":{"loc":{"start":{"line":19,"column":48},"end":{"line":19,"column":76}},"type":"binary-expr","locations":[{"start":{"line":19,"column":48},"end":{"line":19,"column":67}},{"start":{"line":19,"column":71},"end":{"line":19,"column":76}}]},"3":{"loc":{"start":{"line":42,"column":11},"end":{"line":42,"column":45}},"type":"binary-expr","locations":[{"start":{"line":42,"column":11},"end":{"line":42,"column":22}},{"start":{"line":42,"column":26},"end":{"line":42,"column":45}}]}},"s":{"0":1,"1":1,"2":3,"3":3,"4":3,"5":3,"6":3,"7":3,"8":3,"9":2,"10":2,"11":2,"12":2,"13":3,"14":2,"15":2,"16":1,"17":1},"f":{"0":3,"1":2},"b":{"0":[2,1],"1":[0,2],"2":[2,0],"3":[2,0]}}
,"C:\\POS -PUC-DAMIÃO-QE-2026\\CiCd - Pipelines e Testes Automatizados\\AULA 3\\apps\\backend\\src\\modules\\dashboard\\dashboard.controller.ts": {"path":"C:\\POS -PUC-DAMIÃO-QE-2026\\CiCd - Pipelines e Testes Automatizados\\AULA 3\\apps\\backend\\src\\modules\\dashboard\\dashboard.controller.ts","statementMap":{"0":{"start":{"line":1,"column":0},"end":{"line":1,"column":49}},"1":{"start":{"line":2,"column":0},"end":{"line":2,"column":55}},"2":{"start":{"line":3,"column":0},"end":{"line":3,"column":56}},"3":{"start":{"line":6,"column":7},"end":{"line":14,"column":null}},"4":{"start":{"line":7,"column":31},"end":{"line":7,"column":49}},"5":{"start":{"line":12,"column":4},"end":{"line":12,"column":43}},"6":{"start":{"line":6,"column":13},"end":{"line":6,"column":32}},"7":{"start":{"line":11,"column":2},"end":{"line":13,"column":null}},"8":{"start":{"line":6,"column":13},"end":{"line":14,"column":null}}},"fnMap":{"0":{"name":"(anonymous_2)","decl":{"start":{"line":7,"column":2},"end":{"line":7,"column":31}},"loc":{"start":{"line":7,"column":65},"end":{"line":7,"column":69}}},"1":{"name":"(anonymous_3)","decl":{"start":{"line":11,"column":2},"end":{"line":11,"column":9}},"loc":{"start":{"line":11,"column":9},"end":{"line":13,"column":3}}}},"branchMap":{},"s":{"0":1,"1":1,"2":1,"3":1,"4":1,"5":1,"6":1,"7":1,"8":1},"f":{"0":1,"1":1},"b":{}}
,"C:\\POS -PUC-DAMIÃO-QE-2026\\CiCd - Pipelines e Testes Automatizados\\AULA 3\\apps\\backend\\src\\modules\\dashboard\\dashboard.service.ts": {"path":"C:\\POS -PUC-DAMIÃO-QE-2026\\CiCd - Pipelines e Testes Automatizados\\AULA 3\\apps\\backend\\src\\modules\\dashboard\\dashboard.service.ts","statementMap":{"0":{"start":{"line":1,"column":0},"end":{"line":1,"column":44}},"1":{"start":{"line":2,"column":0},"end":{"line":2,"column":67}},"2":{"start":{"line":5,"column":7},"end":{"line":49,"column":null}},"3":{"start":{"line":6,"column":22},"end":{"line":6,"column":30}},"4":{"start":{"line":9,"column":16},"end":{"line":9,"column":26}},"5":{"start":{"line":10,"column":23},"end":{"line":10,"column":81}},"6":{"start":{"line":11,"column":24},"end":{"line":11,"column":44}},"7":{"start":{"line":12,"column":4},"end":{"line":12,"column":70}},"8":{"start":{"line":13,"column":25},"end":{"line":13,"column":71}},"9":{"start":{"line":15,"column":71},"end":{"line":28,"column":6}},"10":{"start":{"line":30,"column":24},"end":{"line":34,"column":null}},"11":{"start":{"line":32,"column":24},"end":{"line":32,"column":95}},"12":{"start":{"line":33,"column":8},"end":{"line":33,"column":99}},"13":{"start":{"line":37,"column":4},"end":{"line":47,"column":6}},"14":{"start":{"line":39,"column":45},"end":{"line":39,"column":68}},"15":{"start":{"line":40,"column":47},"end":{"line":40,"column":69}},"16":{"start":{"line":40,"column":88},"end":{"line":40,"column":117}},"17":{"start":{"line":5,"column":13},"end":{"line":5,"column":29}},"18":{"start":{"line":5,"column":13},"end":{"line":49,"column":null}}},"fnMap":{"0":{"name":"(anonymous_2)","decl":{"start":{"line":6,"column":2},"end":{"line":6,"column":22}},"loc":{"start":{"line":6,"column":43},"end":{"line":6,"column":47}}},"1":{"name":"(anonymous_3)","decl":{"start":{"line":8,"column":2},"end":{"line":8,"column":7}},"loc":{"start":{"line":8,"column":15},"end":{"line":48,"column":3}}},"2":{"name":"(anonymous_4)","decl":{"start":{"line":31,"column":22},"end":{"line":31,"column":27}},"loc":{"start":{"line":31,"column":37},"end":{"line":34,"column":7}}},"3":{"name":"(anonymous_5)","decl":{"start":{"line":39,"column":38},"end":{"line":39,"column":39}},"loc":{"start":{"line":39,"column":45},"end":{"line":39,"column":68}}},"4":{"name":"(anonymous_6)","decl":{"start":{"line":40,"column":40},"end":{"line":40,"column":41}},"loc":{"start":{"line":40,"column":47},"end":{"line":40,"column":69}}},"5":{"name":"(anonymous_7)","decl":{"start":{"line":40,"column":78},"end":{"line":40,"column":79}},"loc":{"start":{"line":40,"column":88},"end":{"line":40,"column":117}}}},"branchMap":{"0":{"loc":{"start":{"line":33,"column":26},"end":{"line":33,"column":57}},"type":"binary-expr","locations":[{"start":{"line":33,"column":26},"end":{"line":33,"column":39}},{"start":{"line":33,"column":43},"end":{"line":33,"column":57}}]},"1":{"loc":{"start":{"line":33,"column":71},"end":{"line":33,"column":96}},"type":"binary-expr","locations":[{"start":{"line":33,"column":71},"end":{"line":33,"column":91}},{"start":{"line":33,"column":95},"end":{"line":33,"column":96}}]},"2":{"loc":{"start":{"line":39,"column":16},"end":{"line":39,"column":86}},"type":"binary-expr","locations":[{"start":{"line":39,"column":16},"end":{"line":39,"column":81}},{"start":{"line":39,"column":85},"end":{"line":39,"column":86}}]},"3":{"loc":{"start":{"line":40,"column":99},"end":{"line":40,"column":116}},"type":"binary-expr","locations":[{"start":{"line":40,"column":99},"end":{"line":40,"column":111}},{"start":{"line":40,"column":115},"end":{"line":40,"column":116}}]}},"s":{"0":2,"1":2,"2":2,"3":2,"4":2,"5":2,"6":2,"7":2,"8":2,"9":2,"10":2,"11":1,"12":1,"13":2,"14":1,"15":2,"16":1,"17":2,"18":2},"f":{"0":2,"1":2,"2":1,"3":1,"4":2,"5":1},"b":{"0":[1,0],"1":[1,0],"2":[2,1],"3":[1,0]}}
,"C:\\POS -PUC-DAMIÃO-QE-2026\\CiCd - Pipelines e Testes Automatizados\\AULA 3\\apps\\backend\\src\\modules\\orders\\orders.controller.ts": {"path":"C:\\POS -PUC-DAMIÃO-QE-2026\\CiCd - Pipelines e Testes Automatizados\\AULA 3\\apps\\backend\\src\\modules\\orders\\orders.controller.ts","statementMap":{"0":{"start":{"line":1,"column":0},"end":{"line":1,"column":80}},"1":{"start":{"line":2,"column":0},"end":{"line":2,"column":49}},"2":{"start":{"line":3,"column":0},"end":{"line":3,"column":56}},"3":{"start":{"line":6,"column":7},"end":{"line":39,"column":null}},"4":{"start":{"line":7,"column":31},"end":{"line":7,"column":46}},"5":{"start":{"line":12,"column":4},"end":{"line":12,"column":43}},"6":{"start":{"line":18,"column":20},"end":{"line":18,"column":46}},"7":{"start":{"line":19,"column":4},"end":{"line":19,"column":75}},"8":{"start":{"line":25,"column":4},"end":{"line":25,"column":42}},"9":{"start":{"line":31,"column":4},"end":{"line":31,"column":70}},"10":{"start":{"line":37,"column":4},"end":{"line":37,"column":56}},"11":{"start":{"line":6,"column":13},"end":{"line":6,"column":29}},"12":{"start":{"line":11,"column":2},"end":{"line":13,"column":null}},"13":{"start":{"line":17,"column":2},"end":{"line":20,"column":null}},"14":{"start":{"line":24,"column":2},"end":{"line":26,"column":null}},"15":{"start":{"line":30,"column":2},"end":{"line":32,"column":null}},"16":{"start":{"line":36,"column":2},"end":{"line":38,"column":null}},"17":{"start":{"line":6,"column":13},"end":{"line":39,"column":null}}},"fnMap":{"0":{"name":"(anonymous_4)","decl":{"start":{"line":7,"column":2},"end":{"line":7,"column":31}},"loc":{"start":{"line":7,"column":59},"end":{"line":7,"column":63}}},"1":{"name":"(anonymous_5)","decl":{"start":{"line":11,"column":2},"end":{"line":11,"column":8}},"loc":{"start":{"line":11,"column":43},"end":{"line":13,"column":3}}},"2":{"name":"(anonymous_6)","decl":{"start":{"line":17,"column":2},"end":{"line":17,"column":9}},"loc":{"start":{"line":17,"column":25},"end":{"line":20,"column":3}}},"3":{"name":"(anonymous_7)","decl":{"start":{"line":24,"column":2},"end":{"line":24,"column":9}},"loc":{"start":{"line":24,"column":33},"end":{"line":26,"column":3}}},"4":{"name":"(anonymous_8)","decl":{"start":{"line":30,"column":2},"end":{"line":30,"column":14}},"loc":{"start":{"line":30,"column":84},"end":{"line":32,"column":3}}},"5":{"name":"(anonymous_9)","decl":{"start":{"line":36,"column":2},"end":{"line":36,"column":8}},"loc":{"start":{"line":36,"column":49},"end":{"line":38,"column":3}}}},"branchMap":{"0":{"loc":{"start":{"line":19,"column":38},"end":{"line":19,"column":73}},"type":"cond-expr","locations":[{"start":{"line":19,"column":48},"end":{"line":19,"column":57}},{"start":{"line":19,"column":60},"end":{"line":19,"column":73}}]}},"s":{"0":1,"1":1,"2":1,"3":1,"4":5,"5":1,"6":1,"7":1,"8":1,"9":1,"10":1,"11":1,"12":1,"13":1,"14":1,"15":1,"16":1,"17":1},"f":{"0":5,"1":1,"2":1,"3":1,"4":1,"5":1},"b":{"0":[1,0]}}
,"C:\\POS -PUC-DAMIÃO-QE-2026\\CiCd - Pipelines e Testes Automatizados\\AULA 3\\apps\\backend\\src\\modules\\orders\\orders.service.ts": {"path":"C:\\POS -PUC-DAMIÃO-QE-2026\\CiCd - Pipelines e Testes Automatizados\\AULA 3\\apps\\backend\\src\\modules\\orders\\orders.service.ts","statementMap":{"0":{"start":{"line":1,"column":0},"end":{"line":1,"column":114}},"1":{"start":{"line":2,"column":0},"end":{"line":2,"column":67}},"2":{"start":{"line":3,"column":0},"end":{"line":3,"column":62}},"3":{"start":{"line":6,"column":62},"end":{"line":13,"column":2}},"4":{"start":{"line":16,"column":7},"end":{"line":110,"column":null}},"5":{"start":{"line":18,"column":12},"end":{"line":18,"column":20}},"6":{"start":{"line":19,"column":12},"end":{"line":19,"column":19}},"7":{"start":{"line":23,"column":21},"end":{"line":25,"column":6}},"8":{"start":{"line":24,"column":47},"end":{"line":24,"column":58}},"9":{"start":{"line":27,"column":4},"end":{"line":33,"column":5}},"10":{"start":{"line":28,"column":22},"end":{"line":28,"column":67}},"11":{"start":{"line":28,"column":43},"end":{"line":28,"column":66}},"12":{"start":{"line":29,"column":6},"end":{"line":29,"column":94}},"13":{"start":{"line":29,"column":20},"end":{"line":29,"column":94}},"14":{"start":{"line":30,"column":6},"end":{"line":32,"column":7}},"15":{"start":{"line":31,"column":8},"end":{"line":31,"column":81}},"16":{"start":{"line":35,"column":19},"end":{"line":35,"column":38}},"17":{"start":{"line":37,"column":18},"end":{"line":51,"column":6}},"18":{"start":{"line":43,"column":44},"end":{"line":47,"column":12}},"19":{"start":{"line":46,"column":48},"end":{"line":46,"column":71}},"20":{"start":{"line":53,"column":4},"end":{"line":58,"column":7}},"21":{"start":{"line":60,"column":4},"end":{"line":60,"column":17}},"22":{"start":{"line":64,"column":18},"end":{"line":64,"column":48}},"23":{"start":{"line":65,"column":4},"end":{"line":69,"column":7}},"24":{"start":{"line":73,"column":4},"end":{"line":76,"column":7}},"25":{"start":{"line":80,"column":18},"end":{"line":80,"column":71}},"26":{"start":{"line":81,"column":4},"end":{"line":81,"column":71}},"27":{"start":{"line":81,"column":16},"end":{"line":81,"column":71}},"28":{"start":{"line":83,"column":20},"end":{"line":83,"column":66}},"29":{"start":{"line":84,"column":4},"end":{"line":89,"column":5}},"30":{"start":{"line":85,"column":6},"end":{"line":87,"column":7}},"31":{"start":{"line":86,"column":8},"end":{"line":86,"column":93}},"32":{"start":{"line":88,"column":6},"end":{"line":88,"column":91}},"33":{"start":{"line":91,"column":20},"end":{"line":94,"column":6}},"34":{"start":{"line":96,"column":4},"end":{"line":102,"column":7}},"35":{"start":{"line":104,"column":4},"end":{"line":104,"column":19}},"36":{"start":{"line":108,"column":4},"end":{"line":108,"column":54}},"37":{"start":{"line":16,"column":13},"end":{"line":16,"column":26}},"38":{"start":{"line":16,"column":13},"end":{"line":110,"column":null}}},"fnMap":{"0":{"name":"(anonymous_2)","decl":{"start":{"line":17,"column":2},"end":{"line":17,"column":null}},"loc":{"start":{"line":19,"column":31},"end":{"line":20,"column":6}}},"1":{"name":"(anonymous_3)","decl":{"start":{"line":22,"column":2},"end":{"line":22,"column":7}},"loc":{"start":{"line":22,"column":120},"end":{"line":61,"column":3}}},"2":{"name":"(anonymous_4)","decl":{"start":{"line":24,"column":40},"end":{"line":24,"column":41}},"loc":{"start":{"line":24,"column":47},"end":{"line":24,"column":58}}},"3":{"name":"(anonymous_5)","decl":{"start":{"line":28,"column":36},"end":{"line":28,"column":37}},"loc":{"start":{"line":28,"column":43},"end":{"line":28,"column":66}}},"4":{"name":"(anonymous_6)","decl":{"start":{"line":43,"column":33},"end":{"line":43,"column":34}},"loc":{"start":{"line":43,"column":44},"end":{"line":47,"column":12}}},"5":{"name":"(anonymous_7)","decl":{"start":{"line":46,"column":41},"end":{"line":46,"column":42}},"loc":{"start":{"line":46,"column":48},"end":{"line":46,"column":71}}},"6":{"name":"(anonymous_8)","decl":{"start":{"line":63,"column":2},"end":{"line":63,"column":7}},"loc":{"start":{"line":63,"column":34},"end":{"line":70,"column":3}}},"7":{"name":"(anonymous_9)","decl":{"start":{"line":72,"column":2},"end":{"line":72,"column":7}},"loc":{"start":{"line":72,"column":26},"end":{"line":77,"column":3}}},"8":{"name":"(anonymous_10)","decl":{"start":{"line":79,"column":2},"end":{"line":79,"column":7}},"loc":{"start":{"line":79,"column":73},"end":{"line":105,"column":3}}},"9":{"name":"(anonymous_11)","decl":{"start":{"line":107,"column":2},"end":{"line":107,"column":7}},"loc":{"start":{"line":107,"column":42},"end":{"line":109,"column":3}}}},"branchMap":{"0":{"loc":{"start":{"line":29,"column":6},"end":{"line":29,"column":94}},"type":"if","locations":[{"start":{"line":29,"column":6},"end":{"line":29,"column":94}},{"start":{},"end":{}}]},"1":{"loc":{"start":{"line":30,"column":6},"end":{"line":32,"column":7}},"type":"if","locations":[{"start":{"line":30,"column":6},"end":{"line":32,"column":7}},{"start":{},"end":{}}]},"2":{"loc":{"start":{"line":64,"column":18},"end":{"line":64,"column":48}},"type":"cond-expr","locations":[{"start":{"line":64,"column":30},"end":{"line":64,"column":43}},{"start":{"line":64,"column":46},"end":{"line":64,"column":48}}]},"3":{"loc":{"start":{"line":81,"column":4},"end":{"line":81,"column":71}},"type":"if","locations":[{"start":{"line":81,"column":4},"end":{"line":81,"column":71}},{"start":{},"end":{}}]},"4":{"loc":{"start":{"line":84,"column":4},"end":{"line":89,"column":5}},"type":"if","locations":[{"start":{"line":84,"column":4},"end":{"line":89,"column":5}},{"start":{},"end":{}}]},"5":{"loc":{"start":{"line":84,"column":8},"end":{"line":84,"column":64}},"type":"binary-expr","locations":[{"start":{"line":84,"column":8},"end":{"line":84,"column":16}},{"start":{"line":84,"column":20},"end":{"line":84,"column":64}}]},"6":{"loc":{"start":{"line":85,"column":6},"end":{"line":87,"column":7}},"type":"if","locations":[{"start":{"line":85,"column":6},"end":{"line":87,"column":7}},{"start":{},"end":{}}]},"7":{"loc":{"start":{"line":85,"column":10},"end":{"line":85,"column":68}},"type":"binary-expr","locations":[{"start":{"line":85,"column":10},"end":{"line":85,"column":38}},{"start":{"line":85,"column":42},"end":{"line":85,"column":68}}]}},"s":{"0":3,"1":3,"2":3,"3":3,"4":3,"5":10,"6":10,"7":5,"8":5,"9":5,"10":5,"11":4,"12":5,"13":1,"14":4,"15":2,"16":2,"17":2,"18":2,"19":2,"20":2,"21":2,"22":0,"23":0,"24":0,"25":4,"26":4,"27":1,"28":3,"29":3,"30":2,"31":1,"32":1,"33":1,"34":1,"35":1,"36":0,"37":3,"38":3},"f":{"0":10,"1":5,"2":5,"3":4,"4":2,"5":2,"6":0,"7":0,"8":4,"9":0},"b":{"0":[1,4],"1":[2,2],"2":[0,0],"3":[1,3],"4":[2,1],"5":[3,3],"6":[1,1],"7":[2,1]}}
,"C:\\POS -PUC-DAMIÃO-QE-2026\\CiCd - Pipelines e Testes Automatizados\\AULA 3\\apps\\backend\\src\\modules\\payments\\payments.controller.ts": {"path":"C:\\POS -PUC-DAMIÃO-QE-2026\\CiCd - Pipelines e Testes Automatizados\\AULA 3\\apps\\backend\\src\\modules\\payments\\payments.controller.ts","statementMap":{"0":{"start":{"line":1,"column":0},"end":{"line":1,"column":68}},"1":{"start":{"line":2,"column":0},"end":{"line":2,"column":53}},"2":{"start":{"line":3,"column":0},"end":{"line":3,"column":56}},"3":{"start":{"line":6,"column":7},"end":{"line":14,"column":null}},"4":{"start":{"line":7,"column":31},"end":{"line":7,"column":48}},"5":{"start":{"line":12,"column":4},"end":{"line":12,"column":64}},"6":{"start":{"line":6,"column":13},"end":{"line":6,"column":31}},"7":{"start":{"line":11,"column":2},"end":{"line":13,"column":null}},"8":{"start":{"line":6,"column":13},"end":{"line":14,"column":null}}},"fnMap":{"0":{"name":"(anonymous_4)","decl":{"start":{"line":7,"column":2},"end":{"line":7,"column":31}},"loc":{"start":{"line":7,"column":63},"end":{"line":7,"column":67}}},"1":{"name":"(anonymous_5)","decl":{"start":{"line":11,"column":2},"end":{"line":11,"column":8}},"loc":{"start":{"line":11,"column":68},"end":{"line":13,"column":3}}}},"branchMap":{},"s":{"0":1,"1":1,"2":1,"3":1,"4":1,"5":1,"6":1,"7":1,"8":1},"f":{"0":1,"1":1},"b":{}}
,"C:\\POS -PUC-DAMIÃO-QE-2026\\CiCd - Pipelines e Testes Automatizados\\AULA 3\\apps\\backend\\src\\modules\\payments\\payments.service.ts": {"path":"C:\\POS -PUC-DAMIÃO-QE-2026\\CiCd - Pipelines e Testes Automatizados\\AULA 3\\apps\\backend\\src\\modules\\payments\\payments.service.ts","statementMap":{"0":{"start":{"line":1,"column":0},"end":{"line":1,"column":65}},"1":{"start":{"line":2,"column":0},"end":{"line":2,"column":67}},"2":{"start":{"line":3,"column":0},"end":{"line":3,"column":62}},"3":{"start":{"line":7,"column":7},"end":{"line":42,"column":null}},"4":{"start":{"line":9,"column":12},"end":{"line":9,"column":20}},"5":{"start":{"line":10,"column":12},"end":{"line":10,"column":19}},"6":{"start":{"line":14,"column":18},"end":{"line":14,"column":81}},"7":{"start":{"line":15,"column":4},"end":{"line":15,"column":71}},"8":{"start":{"line":15,"column":16},"end":{"line":15,"column":71}},"9":{"start":{"line":17,"column":20},"end":{"line":25,"column":6}},"10":{"start":{"line":27,"column":4},"end":{"line":30,"column":7}},"11":{"start":{"line":32,"column":4},"end":{"line":38,"column":7}},"12":{"start":{"line":40,"column":4},"end":{"line":40,"column":19}},"13":{"start":{"line":7,"column":13},"end":{"line":7,"column":28}},"14":{"start":{"line":7,"column":13},"end":{"line":42,"column":null}}},"fnMap":{"0":{"name":"(anonymous_2)","decl":{"start":{"line":8,"column":2},"end":{"line":8,"column":null}},"loc":{"start":{"line":10,"column":31},"end":{"line":11,"column":6}}},"1":{"name":"(anonymous_3)","decl":{"start":{"line":13,"column":2},"end":{"line":13,"column":7}},"loc":{"start":{"line":13,"column":117},"end":{"line":41,"column":3}}}},"branchMap":{"0":{"loc":{"start":{"line":15,"column":4},"end":{"line":15,"column":71}},"type":"if","locations":[{"start":{"line":15,"column":4},"end":{"line":15,"column":71}},{"start":{},"end":{}}]}},"s":{"0":3,"1":3,"2":3,"3":3,"4":5,"5":5,"6":4,"7":4,"8":2,"9":2,"10":2,"11":2,"12":2,"13":3,"14":3},"f":{"0":5,"1":4},"b":{"0":[2,2]}}
}
