TN:
SF:src\core\audit\audit.interceptor.ts
FN:8,(anonymous_2)
FN:10,(anonymous_3)
FN:19,(anonymous_4)
FNF:3
FNH:3
FNDA:2,(anonymous_2)
FNDA:2,(anonymous_3)
FNDA:1,(anonymous_4)
DA:1,1
DA:3,1
DA:4,1
DA:7,1
DA:8,2
DA:11,2
DA:12,2
DA:14,2
DA:16,2
DA:18,1
DA:20,1
DA:21,1
DA:22,1
LF:13
LH:13
BRDA:16,0,0,1
BRDA:16,0,1,1
BRDA:21,1,0,1
BRDA:21,1,1,0
BRF:4
BRH:3
end_of_record
TN:
SF:src\core\audit\audit.service.ts
FN:6,(anonymous_2)
FN:8,(anonymous_3)
FNF:2
FNH:2
FNDA:2,(anonymous_2)
FNDA:2,(anonymous_3)
DA:1,7
DA:2,7
DA:5,7
DA:6,2
DA:9,2
LF:5
LH:5
BRDA:15,0,0,2
BRDA:15,0,1,1
BRF:2
BRH:2
end_of_record
TN:
SF:src\core\auth\clerk.guard.ts
FN:12,(anonymous_2)
FN:14,(anonymous_3)
FN:48,(anonymous_4)
FNF:3
FNH:3
FNDA:5,(anonymous_2)
FNDA:5,(anonymous_3)
FNDA:3,(anonymous_4)
DA:1,1
DA:2,1
DA:3,1
DA:4,1
DA:6,1
DA:9,1
DA:10,5
DA:12,5
DA:15,5
DA:20,5
DA:21,1
DA:24,4
DA:25,4
DA:27,4
DA:28,1
DA:31,3
DA:32,3
DA:34,3
DA:35,1
DA:38,2
DA:40,2
DA:41,2
DA:42,1
DA:45,1
DA:49,3
DA:50,3
DA:53,2
DA:55,1
LF:28
LH:28
BRDA:20,0,0,1
BRDA:20,0,1,4
BRDA:27,1,0,1
BRDA:27,1,1,3
BRDA:34,2,0,1
BRDA:34,2,1,2
BRDA:40,3,0,2
BRDA:40,3,1,0
BRDA:41,4,0,1
BRDA:41,4,1,1
BRF:10
BRH:9
end_of_record
TN:
SF:src\core\auth\roles.decorator.ts
FN:4,(anonymous_0)
FNF:1
FNH:1
FNDA:7,(anonymous_0)
DA:1,4
DA:3,4
DA:4,7
LF:3
LH:3
BRF:0
BRH:0
end_of_record
TN:
SF:src\core\database\prisma.service.ts
FN:7,(anonymous_2)
FN:12,(anonymous_3)
FN:16,(anonymous_4)
FNF:3
FNH:0
FNDA:0,(anonymous_2)
FNDA:0,(anonymous_3)
FNDA:0,(anonymous_4)
DA:1,9
DA:2,9
DA:3,9
DA:6,9
DA:8,0
DA:9,0
DA:13,0
DA:17,0
LF:8
LH:4
BRF:0
BRH:0
end_of_record
TN:
SF:src\core\filters\problem-details.filter.ts
FN:6,(anonymous_1)
FN:32,(anonymous_2)
FNF:2
FNH:2
FNDA:3,(anonymous_1)
FNDA:2,(anonymous_2)
DA:1,1
DA:5,1
DA:7,3
DA:8,3
DA:9,3
DA:11,3
DA:12,3
DA:13,3
DA:15,3
DA:16,2
DA:17,2
DA:18,2
DA:19,2
DA:22,3
DA:33,2
DA:42,2
LF:16
LH:16
BRDA:15,0,0,2
BRDA:15,0,1,1
BRDA:19,1,0,0
BRDA:19,1,1,2
BRDA:19,2,0,2
BRDA:19,2,1,0
BRDA:42,3,0,2
BRDA:42,3,1,0
BRF:8
BRH:5
end_of_record
TN:
SF:src\modules\dashboard\dashboard.controller.ts
FN:7,(anonymous_2)
FN:11,(anonymous_3)
FNF:2
FNH:2
FNDA:1,(anonymous_2)
FNDA:1,(anonymous_3)
DA:1,1
DA:2,1
DA:3,1
DA:6,1
DA:7,1
DA:11,1
DA:12,1
LF:7
LH:7
BRF:0
BRH:0
end_of_record
TN:
SF:src\modules\dashboard\dashboard.service.ts
FN:6,(anonymous_2)
FN:8,(anonymous_3)
FN:31,(anonymous_4)
FN:39,(anonymous_5)
FN:40,(anonymous_6)
FN:40,(anonymous_7)
FNF:6
FNH:6
FNDA:2,(anonymous_2)
FNDA:2,(anonymous_3)
FNDA:1,(anonymous_4)
FNDA:1,(anonymous_5)
FNDA:2,(anonymous_6)
FNDA:1,(anonymous_7)
DA:1,2
DA:2,2
DA:5,2
DA:6,2
DA:9,2
DA:10,2
DA:11,2
DA:12,2
DA:13,2
DA:15,2
DA:30,2
DA:32,1
DA:33,1
DA:37,2
DA:39,1
DA:40,2
LF:16
LH:16
BRDA:33,0,0,1
BRDA:33,0,1,0
BRDA:33,1,0,1
BRDA:33,1,1,0
BRDA:39,2,0,2
BRDA:39,2,1,1
BRDA:40,3,0,1
BRDA:40,3,1,0
BRF:8
BRH:5
end_of_record
TN:
SF:src\modules\orders\orders.controller.ts
FN:7,(anonymous_4)
FN:11,(anonymous_5)
FN:17,(anonymous_6)
FN:24,(anonymous_7)
FN:30,(anonymous_8)
FN:36,(anonymous_9)
FNF:6
FNH:6
FNDA:5,(anonymous_4)
FNDA:1,(anonymous_5)
FNDA:1,(anonymous_6)
FNDA:1,(anonymous_7)
FNDA:1,(anonymous_8)
FNDA:1,(anonymous_9)
DA:1,1
DA:2,1
DA:3,1
DA:6,1
DA:7,5
DA:11,1
DA:12,1
DA:17,1
DA:18,1
DA:19,1
DA:24,1
DA:25,1
DA:30,1
DA:31,1
DA:36,1
DA:37,1
LF:16
LH:16
BRDA:19,0,0,1
BRDA:19,0,1,0
BRF:2
BRH:1
end_of_record
TN:
SF:src\modules\orders\orders.service.ts
FN:17,(anonymous_2)
FN:22,(anonymous_3)
FN:24,(anonymous_4)
FN:28,(anonymous_5)
FN:43,(anonymous_6)
FN:46,(anonymous_7)
FN:63,(anonymous_8)
FN:72,(anonymous_9)
FN:79,(anonymous_10)
FN:107,(anonymous_11)
FNF:10
FNH:7
FNDA:10,(anonymous_2)
FNDA:5,(anonymous_3)
FNDA:5,(anonymous_4)
FNDA:4,(anonymous_5)
FNDA:2,(anonymous_6)
FNDA:2,(anonymous_7)
FNDA:0,(anonymous_8)
FNDA:0,(anonymous_9)
FNDA:4,(anonymous_10)
FNDA:0,(anonymous_11)
DA:1,3
DA:2,3
DA:3,3
DA:6,3
DA:16,3
DA:18,10
DA:19,10
DA:23,5
DA:24,5
DA:27,5
DA:28,5
DA:29,5
DA:30,4
DA:31,2
DA:35,2
DA:37,2
DA:43,2
DA:46,2
DA:53,2
DA:60,2
DA:64,0
DA:65,0
DA:73,0
DA:80,4
DA:81,4
DA:83,3
DA:84,3
DA:85,2
DA:86,1
DA:88,1
DA:91,1
DA:96,1
DA:104,1
DA:108,0
LF:34
LH:30
BRDA:29,0,0,1
BRDA:29,0,1,4
BRDA:30,1,0,2
BRDA:30,1,1,2
BRDA:64,2,0,0
BRDA:64,2,1,0
BRDA:81,3,0,1
BRDA:81,3,1,3
BRDA:84,4,0,2
BRDA:84,4,1,1
BRDA:84,5,0,3
BRDA:84,5,1,3
BRDA:85,6,0,1
BRDA:85,6,1,1
BRDA:85,7,0,2
BRDA:85,7,1,1
BRF:16
BRH:14
end_of_record
TN:
SF:src\modules\payments\payments.controller.ts
FN:7,(anonymous_4)
FN:11,(anonymous_5)
FNF:2
FNH:2
FNDA:1,(anonymous_4)
FNDA:1,(anonymous_5)
DA:1,1
DA:2,1
DA:3,1
DA:6,1
DA:7,1
DA:11,1
DA:12,1
LF:7
LH:7
BRF:0
BRH:0
end_of_record
TN:
SF:src\modules\payments\payments.service.ts
FN:8,(anonymous_2)
FN:13,(anonymous_3)
FNF:2
FNH:2
FNDA:5,(anonymous_2)
FNDA:4,(anonymous_3)
DA:1,3
DA:2,3
DA:3,3
DA:7,3
DA:9,5
DA:10,5
DA:14,4
DA:15,4
DA:17,2
DA:27,2
DA:32,2
DA:40,2
LF:12
LH:12
BRDA:15,0,0,2
BRDA:15,0,1,2
BRF:2
BRH:2
end_of_record
